Build started 27-12-2022 09:53:34 PM.
     1>Project "E:\Github\halflife-WON\projects\vs2010\hldll.vcxproj" on node 3 (build target(s)).
     1>InitializeBuildStatus:
         Touching "Debug\hldll\int\hldll.unsuccessfulbuild".
       ClCompile:
         All outputs are up-to-date.
         All outputs are up-to-date.
       ManifestResourceCompile:
         All outputs are up-to-date.
       Link:
         All outputs are up-to-date.
       Manifest:
         All outputs are up-to-date.
       PostBuildEvent:
         Description: Performing Post-Build Event
         call ..\..\filecopy.bat E:\Github\halflife-WON\projects\vs2010\Debug\hldll\hl.dll ..\..\..\game\mod\dlls\hl.dll
         call ..\..\filecopy.bat E:\Github\halflife-WON\projects\vs2010\Debug\hldll\\hl.pdb ..\..\..\game\mod\dlls\hl.pdb
         :VCEnd
         'p4' is not recognized as an internal or external command,
         operable program or batch file.
         The system cannot find the path specified.
                 0 file(s) copied.
         'p4' is not recognized as an internal or external command,
         operable program or batch file.
         The system cannot find the path specified.
                 0 file(s) copied.
     1>C:\Program Files (x86)\MSBuild\Microsoft.Cpp\v4.0\Microsoft.CppCommon.targets(113,5): error MSB3073: The command "call ..\..\filecopy.bat E:\Github\halflife-WON\projects\vs2010\Debug\hldll\hl.dll ..\..\..\game\mod\dlls\hl.dll
C:\Program Files (x86)\MSBuild\Microsoft.Cpp\v4.0\Microsoft.CppCommon.targets(113,5): error MSB3073: call ..\..\filecopy.bat E:\Github\halflife-WON\projects\vs2010\Debug\hldll\\hl.pdb ..\..\..\game\mod\dlls\hl.pdb
C:\Program Files (x86)\MSBuild\Microsoft.Cpp\v4.0\Microsoft.CppCommon.targets(113,5): error MSB3073: :VCEnd" exited with code 1.
     1>Done Building Project "E:\Github\halflife-WON\projects\vs2010\hldll.vcxproj" (build target(s)) -- FAILED.

Build FAILED.

Time Elapsed 00:00:00.25
